<?xml version="1.0" encoding="UTF-8"?>
<testng-results skipped="0" failed="0" total="1" passed="1">
  <reporter-output>
  </reporter-output>
  <suite name="com.learntestng.AppTest" duration-ms="23" started-at="२०१५-०५-१४T२३:०५:५३Z" finished-at="२०१५-०५-१४T२३:०५:५३Z">
    <groups>
    </groups>
    <test name="Command line test" duration-ms="23" started-at="२०१५-०५-१४T२३:०५:५३Z" finished-at="२०१५-०५-१४T२३:०५:५३Z">
      <class name="com.learntestng.AppTest">
        <test-method status="PASS" signature="sendmail()" name="sendmail" duration-ms="8" started-at="२०१५-०५-१४T२३:०५:५३Z" finished-at="२०१५-०५-१४T२३:०५:५३Z">
        </test-method>
      </class>
    </test>
  </suite>
</testng-results>
