<?xml version="1.0" encoding="UTF-8"?>
<testng-results skipped="0" failed="0" total="1" passed="1">
  <reporter-output>
  </reporter-output>
  <suite name="Default suite" duration-ms="26" started-at="2015-05-09T11:46:35Z" finished-at="2015-05-09T11:46:35Z">
    <groups>
    </groups>
    <test name="Default test" duration-ms="26" started-at="2015-05-09T11:46:35Z" finished-at="2015-05-09T11:46:35Z">
      <class name="com.learntestng.AppTest">
        <test-method status="PASS" signature="sendmail()[pri:0, instance:com.learntestng.AppTest@e229be]" name="sendmail" duration-ms="8" started-at="2015-05-09T17:16:35Z" finished-at="2015-05-09T17:16:35Z">
          <reporter-output>
          </reporter-output>
        </test-method> <!-- sendmail -->
      </class> <!-- com.learntestng.AppTest -->
    </test> <!-- Default test -->
  </suite> <!-- Default suite -->
</testng-results>
